0 info it worked if it ends with ok
1 verbose cli [ '/usr/bin/node', '/usr/bin/npm', 'install', 'mongodb' ]
2 info using npm@3.5.2
3 info using node@v6.11.4
4 silly loadCurrentTree Starting
5 silly install loadCurrentTree
6 silly install readLocalPackageData
7 silly fetchPackageMetaData mongodb@3.6.4
8 silly fetchNamedPackageData mongodb
9 silly mapToRegistry name mongodb
10 silly mapToRegistry using default registry
11 silly mapToRegistry registry https://registry.npmjs.org/
12 silly mapToRegistry uri https://registry.npmjs.org/mongodb
13 verbose request uri https://registry.npmjs.org/mongodb
14 verbose request no auth needed
15 info attempt registry request try #1 at 13:21:42
16 verbose request id 57a9dcd02a9112d5
17 http request GET https://registry.npmjs.org/mongodb
18 http 200 https://registry.npmjs.org/mongodb
19 verbose headers { 'content-type': 'application/json; charset=UTF-8',
19 verbose headers   server: 'UploadServer',
19 verbose headers   'cache-control': 'max-age=300',
19 verbose headers   'last-modified': 'Thu, 19 Apr 2018 20:26:11 GMT',
19 verbose headers   etag: '"5ad8fb63-a939f"',
19 verbose headers   'x-npm-region': 'EU-West',
19 verbose headers   'content-encoding': 'gzip',
19 verbose headers   'content-length': '44277',
19 verbose headers   'accept-ranges': 'bytes',
19 verbose headers   date: 'Sat, 28 Apr 2018 12:21:42 GMT',
19 verbose headers   via: '1.1 varnish',
19 verbose headers   age: '9756',
19 verbose headers   connection: 'keep-alive',
19 verbose headers   'x-served-by': 'cache-lcy19223-LCY',
19 verbose headers   'x-cache': 'HIT',
19 verbose headers   'x-cache-hits': '1',
19 verbose headers   'x-timer': 'S1524918103.907944,VS0,VE1',
19 verbose headers   vary: 'Accept-Encoding, Accept' }
20 silly get cb [ 200,
20 silly get   { 'content-type': 'application/json; charset=UTF-8',
20 silly get     server: 'UploadServer',
20 silly get     'cache-control': 'max-age=300',
20 silly get     'last-modified': 'Thu, 19 Apr 2018 20:26:11 GMT',
20 silly get     etag: '"5ad8fb63-a939f"',
20 silly get     'x-npm-region': 'EU-West',
20 silly get     'content-encoding': 'gzip',
20 silly get     'content-length': '44277',
20 silly get     'accept-ranges': 'bytes',
20 silly get     date: 'Sat, 28 Apr 2018 12:21:42 GMT',
20 silly get     via: '1.1 varnish',
20 silly get     age: '9756',
20 silly get     connection: 'keep-alive',
20 silly get     'x-served-by': 'cache-lcy19223-LCY',
20 silly get     'x-cache': 'HIT',
20 silly get     'x-cache-hits': '1',
20 silly get     'x-timer': 'S1524918103.907944,VS0,VE1',
20 silly get     vary: 'Accept-Encoding, Accept' } ]
21 verbose get saving mongodb to /home/sandor/.npm/registry.npmjs.org/mongodb/.cache.json
22 silly fetchPackageMetaData Error: No compatible version found: mongodb@3.6.4
22 silly fetchPackageMetaData Valid install targets:
22 silly fetchPackageMetaData 3.1.0-beta2, 3.1.0-beta1, 3.0.7, 3.0.6, 3.0.5, 3.0.4, 3.0.3, 3.0.2, 3.0.1, 3.0.0, 3.0.0-rc0, 2.2.35, 2.2.34, 2.2.33, 2.2.32, 2.2.31, 2.2.30, 2.2.29, 2.2.28, 2.2.27, 2.2.26, 2.2.25, 2.2.24, 2.2.23, 2.2.22, 2.2.21, 2.2.20, 2.2.19, 2.2.18, 2.2.17, 2.2.16, 2.2.15, 2.2.14, 2.2.13, 2.2.12, 2.2.11, 2.2.10, 2.2.9, 2.2.8, 2.2.7, 2.2.6, 2.2.5, 2.2.4, 2.2.3, 2.2.2, 2.2.1, 2.2.0, 2.2.0-alpha2, 2.2.0-alpha1, 2.1.22-alpha4, 2.1.22-alpha3, 2.1.22-alpha2, 2.1.22-alpha, 2.1.21, 2.1.20, 2.1.19, 2.1.18, 2.1.17, 2.1.16, 2.1.15, 2.1.14, 2.1.13, 2.1.12, 2.1.11, 2.1.10, 2.1.9, 2.1.8, 2.1.7, 2.1.6, 2.1.5, 2.1.4, 2.1.3, 2.1.2, 2.1.1, 2.1.0, 2.1.0-rc1, 2.1.0-alpha, 2.0.55, 2.0.54, 2.0.53, 2.0.52, 2.0.51, 2.0.50, 2.0.49, 2.0.48, 2.0.47, 2.0.46, 2.0.45, 2.0.44, 2.0.43, 2.0.42, 2.0.41, 2.0.40, 2.0.39, 2.0.38, 2.0.37, 2.0.36, 2.0.35, 2.0.34, 2.0.33, 2.0.32, 2.0.31, 2.0.30, 2.0.29, 2.0.28, 2.0.27, 2.0.26, 2.0.25, 2.0.24, 2.0.23, 2.0.22, 2.0.21, 2.0.20, 2.0.19, 2.0.18, 2.0.17, 2.0.16, 2.0.15, 2.0.14, 2.0.13, 2.0.12, 2.0.11, 2.0.10, 2.0.9, 2.0.8, 2.0.7, 2.0.6, 2.0.5, 2.0.4, 2.0.3, 2.0.2, 2.0.1, 2.0.0, 2.0.0-alpha2, 2.0.0-alpha1, 1.4.40, 1.4.39, 1.4.38, 1.4.37, 1.4.36, 1.4.35, 1.4.34, 1.4.33, 1.4.32, 1.4.31, 1.4.30, 1.4.29, 1.4.28, 1.4.27, 1.4.26, 1.4.25, 1.4.24, 1.4.23, 1.4.22, 1.4.20, 1.4.19, 1.4.18, 1.4.17, 1.4.16, 1.4.15, 1.4.14, 1.4.12, 1.4.11, 1.4.10, 1.4.9, 1.4.8, 1.4.7, 1.4.6, 1.4.5, 1.4.4, 1.4.3, 1.4.2, 1.4.1, 1.4.0, 1.4.0-rc9, 1.4.0-rc8, 1.4.0-rc7, 1.4.0-rc6, 1.4.0-rc5, 1.4.0-rc4, 1.4.0-rc3, 1.4.0-rc2, 1.4.0-rc10, 1.3.23, 1.3.22, 1.3.21, 1.3.20, 1.3.19, 1.3.18, 1.3.17, 1.3.15, 1.3.14, 1.3.12, 1.3.11, 1.3.10, 1.3.9, 1.3.8, 1.3.7, 1.3.6, 1.3.5, 1.3.4, 1.3.3, 1.3.2, 1.3.1, 1.3.0, 1.2.14, 1.2.13, 1.2.12, 1.2.11, 1.2.10, 1.2.9, 1.2.8, 1.2.7, 1.2.6, 1.2.5, 1.2.4, 1.2.3, 1.2.2, 1.2.1, 1.2.0, 1.1.11, 1.1.10, 1.1.9, 1.1.8, 1.1.7, 1.1.6, 1.1.5, 1.1.4, 1.1.3, 1.1.2, 1.1.1, 1.1.0, 1.1.0-beta, 1.0.2, 1.0.1, 1.0.0, 0.9.9, 0.9.9-8, 0.9.9-7, 0.9.9-6, 0.9.9-5, 0.9.9-4, 0.9.9-3, 0.9.9-2, 0.9.9-1, 0.9.8, 0.9.8-7, 0.9.8-6, 0.9.8-5, 0.9.8-4, 0.9.8-3, 0.9.8-2, 0.9.8-1, 0.9.7, 0.9.7-3-5, 0.9.7-3-4, 0.9.7-3-3, 0.9.7-3-2, 0.9.7-3-1, 0.9.7-2-5, 0.9.7-2-4, 0.9.7-2-3, 0.9.7-2-2, 0.9.7-2-1, 0.9.7-3, 0.9.7-2, 0.9.7-1.4, 0.9.7-1.3, 0.9.7-1.2, 0.9.7-1.1, 0.9.7-1, 0.9.7-0, 0.9.6-23, 0.9.6-22, 0.9.6-21, 0.9.6-20, 0.9.6-19, 0.9.6-18, 0.9.6-17, 0.9.6-16, 0.9.6-15, 0.9.6-14, 0.9.6-13, 0.9.6-12, 0.9.6-11, 0.9.6-10, 0.9.6-9, 0.9.6-8, 0.9.6-7, 0.9.4, 0.9.4-4, 0.9.3, 0.9.2, 0.9.1
22 silly fetchPackageMetaData
22 silly fetchPackageMetaData     at pickVersionFromRegistryDocument (/usr/share/npm/lib/fetch-package-metadata.js:156:16)
22 silly fetchPackageMetaData     at /usr/share/npm/node_modules/iferr/index.js:13:50
22 silly fetchPackageMetaData     at /usr/share/npm/lib/utils/pulse-till-done.js:19:8
22 silly fetchPackageMetaData     at saved (/usr/share/npm/lib/cache/caching-client.js:168:7)
22 silly fetchPackageMetaData     at /usr/share/npm/node_modules/graceful-fs/polyfills.js:210:7
22 silly fetchPackageMetaData     at FSReqWrap.oncomplete (fs.js:123:15)
22 silly fetchPackageMetaData  error for mongodb@3.6.4 Error: No compatible version found: mongodb@3.6.4
22 silly fetchPackageMetaData Valid install targets:
22 silly fetchPackageMetaData 3.1.0-beta2, 3.1.0-beta1, 3.0.7, 3.0.6, 3.0.5, 3.0.4, 3.0.3, 3.0.2, 3.0.1, 3.0.0, 3.0.0-rc0, 2.2.35, 2.2.34, 2.2.33, 2.2.32, 2.2.31, 2.2.30, 2.2.29, 2.2.28, 2.2.27, 2.2.26, 2.2.25, 2.2.24, 2.2.23, 2.2.22, 2.2.21, 2.2.20, 2.2.19, 2.2.18, 2.2.17, 2.2.16, 2.2.15, 2.2.14, 2.2.13, 2.2.12, 2.2.11, 2.2.10, 2.2.9, 2.2.8, 2.2.7, 2.2.6, 2.2.5, 2.2.4, 2.2.3, 2.2.2, 2.2.1, 2.2.0, 2.2.0-alpha2, 2.2.0-alpha1, 2.1.22-alpha4, 2.1.22-alpha3, 2.1.22-alpha2, 2.1.22-alpha, 2.1.21, 2.1.20, 2.1.19, 2.1.18, 2.1.17, 2.1.16, 2.1.15, 2.1.14, 2.1.13, 2.1.12, 2.1.11, 2.1.10, 2.1.9, 2.1.8, 2.1.7, 2.1.6, 2.1.5, 2.1.4, 2.1.3, 2.1.2, 2.1.1, 2.1.0, 2.1.0-rc1, 2.1.0-alpha, 2.0.55, 2.0.54, 2.0.53, 2.0.52, 2.0.51, 2.0.50, 2.0.49, 2.0.48, 2.0.47, 2.0.46, 2.0.45, 2.0.44, 2.0.43, 2.0.42, 2.0.41, 2.0.40, 2.0.39, 2.0.38, 2.0.37, 2.0.36, 2.0.35, 2.0.34, 2.0.33, 2.0.32, 2.0.31, 2.0.30, 2.0.29, 2.0.28, 2.0.27, 2.0.26, 2.0.25, 2.0.24, 2.0.23, 2.0.22, 2.0.21, 2.0.20, 2.0.19, 2.0.18, 2.0.17, 2.0.16, 2.0.15, 2.0.14, 2.0.13, 2.0.12, 2.0.11, 2.0.10, 2.0.9, 2.0.8, 2.0.7, 2.0.6, 2.0.5, 2.0.4, 2.0.3, 2.0.2, 2.0.1, 2.0.0, 2.0.0-alpha2, 2.0.0-alpha1, 1.4.40, 1.4.39, 1.4.38, 1.4.37, 1.4.36, 1.4.35, 1.4.34, 1.4.33, 1.4.32, 1.4.31, 1.4.30, 1.4.29, 1.4.28, 1.4.27, 1.4.26, 1.4.25, 1.4.24, 1.4.23, 1.4.22, 1.4.20, 1.4.19, 1.4.18, 1.4.17, 1.4.16, 1.4.15, 1.4.14, 1.4.12, 1.4.11, 1.4.10, 1.4.9, 1.4.8, 1.4.7, 1.4.6, 1.4.5, 1.4.4, 1.4.3, 1.4.2, 1.4.1, 1.4.0, 1.4.0-rc9, 1.4.0-rc8, 1.4.0-rc7, 1.4.0-rc6, 1.4.0-rc5, 1.4.0-rc4, 1.4.0-rc3, 1.4.0-rc2, 1.4.0-rc10, 1.3.23, 1.3.22, 1.3.21, 1.3.20, 1.3.19, 1.3.18, 1.3.17, 1.3.15, 1.3.14, 1.3.12, 1.3.11, 1.3.10, 1.3.9, 1.3.8, 1.3.7, 1.3.6, 1.3.5, 1.3.4, 1.3.3, 1.3.2, 1.3.1, 1.3.0, 1.2.14, 1.2.13, 1.2.12, 1.2.11, 1.2.10, 1.2.9, 1.2.8, 1.2.7, 1.2.6, 1.2.5, 1.2.4, 1.2.3, 1.2.2, 1.2.1, 1.2.0, 1.1.11, 1.1.10, 1.1.9, 1.1.8, 1.1.7, 1.1.6, 1.1.5, 1.1.4, 1.1.3, 1.1.2, 1.1.1, 1.1.0, 1.1.0-beta, 1.0.2, 1.0.1, 1.0.0, 0.9.9, 0.9.9-8, 0.9.9-7, 0.9.9-6, 0.9.9-5, 0.9.9-4, 0.9.9-3, 0.9.9-2, 0.9.9-1, 0.9.8, 0.9.8-7, 0.9.8-6, 0.9.8-5, 0.9.8-4, 0.9.8-3, 0.9.8-2, 0.9.8-1, 0.9.7, 0.9.7-3-5, 0.9.7-3-4, 0.9.7-3-3, 0.9.7-3-2, 0.9.7-3-1, 0.9.7-2-5, 0.9.7-2-4, 0.9.7-2-3, 0.9.7-2-2, 0.9.7-2-1, 0.9.7-3, 0.9.7-2, 0.9.7-1.4, 0.9.7-1.3, 0.9.7-1.2, 0.9.7-1.1, 0.9.7-1, 0.9.7-0, 0.9.6-23, 0.9.6-22, 0.9.6-21, 0.9.6-20, 0.9.6-19, 0.9.6-18, 0.9.6-17, 0.9.6-16, 0.9.6-15, 0.9.6-14, 0.9.6-13, 0.9.6-12, 0.9.6-11, 0.9.6-10, 0.9.6-9, 0.9.6-8, 0.9.6-7, 0.9.4, 0.9.4-4, 0.9.3, 0.9.2, 0.9.1
22 silly fetchPackageMetaData
22 silly fetchPackageMetaData     at pickVersionFromRegistryDocument (/usr/share/npm/lib/fetch-package-metadata.js:156:16)
22 silly fetchPackageMetaData     at /usr/share/npm/node_modules/iferr/index.js:13:50
22 silly fetchPackageMetaData     at /usr/share/npm/lib/utils/pulse-till-done.js:19:8
22 silly fetchPackageMetaData     at saved (/usr/share/npm/lib/cache/caching-client.js:168:7)
22 silly fetchPackageMetaData     at /usr/share/npm/node_modules/graceful-fs/polyfills.js:210:7
22 silly fetchPackageMetaData     at FSReqWrap.oncomplete (fs.js:123:15)
23 silly rollbackFailedOptional Starting
24 silly rollbackFailedOptional Finishing
25 silly runTopLevelLifecycles Starting
26 silly runTopLevelLifecycles Finishing
27 silly install printInstalled
28 verbose stack Error: No compatible version found: mongodb@3.6.4
28 verbose stack Valid install targets:
28 verbose stack 3.1.0-beta2, 3.1.0-beta1, 3.0.7, 3.0.6, 3.0.5, 3.0.4, 3.0.3, 3.0.2, 3.0.1, 3.0.0, 3.0.0-rc0, 2.2.35, 2.2.34, 2.2.33, 2.2.32, 2.2.31, 2.2.30, 2.2.29, 2.2.28, 2.2.27, 2.2.26, 2.2.25, 2.2.24, 2.2.23, 2.2.22, 2.2.21, 2.2.20, 2.2.19, 2.2.18, 2.2.17, 2.2.16, 2.2.15, 2.2.14, 2.2.13, 2.2.12, 2.2.11, 2.2.10, 2.2.9, 2.2.8, 2.2.7, 2.2.6, 2.2.5, 2.2.4, 2.2.3, 2.2.2, 2.2.1, 2.2.0, 2.2.0-alpha2, 2.2.0-alpha1, 2.1.22-alpha4, 2.1.22-alpha3, 2.1.22-alpha2, 2.1.22-alpha, 2.1.21, 2.1.20, 2.1.19, 2.1.18, 2.1.17, 2.1.16, 2.1.15, 2.1.14, 2.1.13, 2.1.12, 2.1.11, 2.1.10, 2.1.9, 2.1.8, 2.1.7, 2.1.6, 2.1.5, 2.1.4, 2.1.3, 2.1.2, 2.1.1, 2.1.0, 2.1.0-rc1, 2.1.0-alpha, 2.0.55, 2.0.54, 2.0.53, 2.0.52, 2.0.51, 2.0.50, 2.0.49, 2.0.48, 2.0.47, 2.0.46, 2.0.45, 2.0.44, 2.0.43, 2.0.42, 2.0.41, 2.0.40, 2.0.39, 2.0.38, 2.0.37, 2.0.36, 2.0.35, 2.0.34, 2.0.33, 2.0.32, 2.0.31, 2.0.30, 2.0.29, 2.0.28, 2.0.27, 2.0.26, 2.0.25, 2.0.24, 2.0.23, 2.0.22, 2.0.21, 2.0.20, 2.0.19, 2.0.18, 2.0.17, 2.0.16, 2.0.15, 2.0.14, 2.0.13, 2.0.12, 2.0.11, 2.0.10, 2.0.9, 2.0.8, 2.0.7, 2.0.6, 2.0.5, 2.0.4, 2.0.3, 2.0.2, 2.0.1, 2.0.0, 2.0.0-alpha2, 2.0.0-alpha1, 1.4.40, 1.4.39, 1.4.38, 1.4.37, 1.4.36, 1.4.35, 1.4.34, 1.4.33, 1.4.32, 1.4.31, 1.4.30, 1.4.29, 1.4.28, 1.4.27, 1.4.26, 1.4.25, 1.4.24, 1.4.23, 1.4.22, 1.4.20, 1.4.19, 1.4.18, 1.4.17, 1.4.16, 1.4.15, 1.4.14, 1.4.12, 1.4.11, 1.4.10, 1.4.9, 1.4.8, 1.4.7, 1.4.6, 1.4.5, 1.4.4, 1.4.3, 1.4.2, 1.4.1, 1.4.0, 1.4.0-rc9, 1.4.0-rc8, 1.4.0-rc7, 1.4.0-rc6, 1.4.0-rc5, 1.4.0-rc4, 1.4.0-rc3, 1.4.0-rc2, 1.4.0-rc10, 1.3.23, 1.3.22, 1.3.21, 1.3.20, 1.3.19, 1.3.18, 1.3.17, 1.3.15, 1.3.14, 1.3.12, 1.3.11, 1.3.10, 1.3.9, 1.3.8, 1.3.7, 1.3.6, 1.3.5, 1.3.4, 1.3.3, 1.3.2, 1.3.1, 1.3.0, 1.2.14, 1.2.13, 1.2.12, 1.2.11, 1.2.10, 1.2.9, 1.2.8, 1.2.7, 1.2.6, 1.2.5, 1.2.4, 1.2.3, 1.2.2, 1.2.1, 1.2.0, 1.1.11, 1.1.10, 1.1.9, 1.1.8, 1.1.7, 1.1.6, 1.1.5, 1.1.4, 1.1.3, 1.1.2, 1.1.1, 1.1.0, 1.1.0-beta, 1.0.2, 1.0.1, 1.0.0, 0.9.9, 0.9.9-8, 0.9.9-7, 0.9.9-6, 0.9.9-5, 0.9.9-4, 0.9.9-3, 0.9.9-2, 0.9.9-1, 0.9.8, 0.9.8-7, 0.9.8-6, 0.9.8-5, 0.9.8-4, 0.9.8-3, 0.9.8-2, 0.9.8-1, 0.9.7, 0.9.7-3-5, 0.9.7-3-4, 0.9.7-3-3, 0.9.7-3-2, 0.9.7-3-1, 0.9.7-2-5, 0.9.7-2-4, 0.9.7-2-3, 0.9.7-2-2, 0.9.7-2-1, 0.9.7-3, 0.9.7-2, 0.9.7-1.4, 0.9.7-1.3, 0.9.7-1.2, 0.9.7-1.1, 0.9.7-1, 0.9.7-0, 0.9.6-23, 0.9.6-22, 0.9.6-21, 0.9.6-20, 0.9.6-19, 0.9.6-18, 0.9.6-17, 0.9.6-16, 0.9.6-15, 0.9.6-14, 0.9.6-13, 0.9.6-12, 0.9.6-11, 0.9.6-10, 0.9.6-9, 0.9.6-8, 0.9.6-7, 0.9.4, 0.9.4-4, 0.9.3, 0.9.2, 0.9.1
28 verbose stack
28 verbose stack     at pickVersionFromRegistryDocument (/usr/share/npm/lib/fetch-package-metadata.js:156:16)
28 verbose stack     at /usr/share/npm/node_modules/iferr/index.js:13:50
28 verbose stack     at /usr/share/npm/lib/utils/pulse-till-done.js:19:8
28 verbose stack     at saved (/usr/share/npm/lib/cache/caching-client.js:168:7)
28 verbose stack     at /usr/share/npm/node_modules/graceful-fs/polyfills.js:210:7
28 verbose stack     at FSReqWrap.oncomplete (fs.js:123:15)
29 verbose cwd /home/sandor/Documents/amit-eddig-tudok/mongodb-tut
30 error Linux 4.13.0-39-generic
31 error argv "/usr/bin/node" "/usr/bin/npm" "install" "mongodb"
32 error node v6.11.4
33 error npm  v3.5.2
34 error No compatible version found: mongodb@3.6.4
34 error Valid install targets:
34 error 3.1.0-beta2, 3.1.0-beta1, 3.0.7, 3.0.6, 3.0.5, 3.0.4, 3.0.3, 3.0.2, 3.0.1, 3.0.0, 3.0.0-rc0, 2.2.35, 2.2.34, 2.2.33, 2.2.32, 2.2.31, 2.2.30, 2.2.29, 2.2.28, 2.2.27, 2.2.26, 2.2.25, 2.2.24, 2.2.23, 2.2.22, 2.2.21, 2.2.20, 2.2.19, 2.2.18, 2.2.17, 2.2.16, 2.2.15, 2.2.14, 2.2.13, 2.2.12, 2.2.11, 2.2.10, 2.2.9, 2.2.8, 2.2.7, 2.2.6, 2.2.5, 2.2.4, 2.2.3, 2.2.2, 2.2.1, 2.2.0, 2.2.0-alpha2, 2.2.0-alpha1, 2.1.22-alpha4, 2.1.22-alpha3, 2.1.22-alpha2, 2.1.22-alpha, 2.1.21, 2.1.20, 2.1.19, 2.1.18, 2.1.17, 2.1.16, 2.1.15, 2.1.14, 2.1.13, 2.1.12, 2.1.11, 2.1.10, 2.1.9, 2.1.8, 2.1.7, 2.1.6, 2.1.5, 2.1.4, 2.1.3, 2.1.2, 2.1.1, 2.1.0, 2.1.0-rc1, 2.1.0-alpha, 2.0.55, 2.0.54, 2.0.53, 2.0.52, 2.0.51, 2.0.50, 2.0.49, 2.0.48, 2.0.47, 2.0.46, 2.0.45, 2.0.44, 2.0.43, 2.0.42, 2.0.41, 2.0.40, 2.0.39, 2.0.38, 2.0.37, 2.0.36, 2.0.35, 2.0.34, 2.0.33, 2.0.32, 2.0.31, 2.0.30, 2.0.29, 2.0.28, 2.0.27, 2.0.26, 2.0.25, 2.0.24, 2.0.23, 2.0.22, 2.0.21, 2.0.20, 2.0.19, 2.0.18, 2.0.17, 2.0.16, 2.0.15, 2.0.14, 2.0.13, 2.0.12, 2.0.11, 2.0.10, 2.0.9, 2.0.8, 2.0.7, 2.0.6, 2.0.5, 2.0.4, 2.0.3, 2.0.2, 2.0.1, 2.0.0, 2.0.0-alpha2, 2.0.0-alpha1, 1.4.40, 1.4.39, 1.4.38, 1.4.37, 1.4.36, 1.4.35, 1.4.34, 1.4.33, 1.4.32, 1.4.31, 1.4.30, 1.4.29, 1.4.28, 1.4.27, 1.4.26, 1.4.25, 1.4.24, 1.4.23, 1.4.22, 1.4.20, 1.4.19, 1.4.18, 1.4.17, 1.4.16, 1.4.15, 1.4.14, 1.4.12, 1.4.11, 1.4.10, 1.4.9, 1.4.8, 1.4.7, 1.4.6, 1.4.5, 1.4.4, 1.4.3, 1.4.2, 1.4.1, 1.4.0, 1.4.0-rc9, 1.4.0-rc8, 1.4.0-rc7, 1.4.0-rc6, 1.4.0-rc5, 1.4.0-rc4, 1.4.0-rc3, 1.4.0-rc2, 1.4.0-rc10, 1.3.23, 1.3.22, 1.3.21, 1.3.20, 1.3.19, 1.3.18, 1.3.17, 1.3.15, 1.3.14, 1.3.12, 1.3.11, 1.3.10, 1.3.9, 1.3.8, 1.3.7, 1.3.6, 1.3.5, 1.3.4, 1.3.3, 1.3.2, 1.3.1, 1.3.0, 1.2.14, 1.2.13, 1.2.12, 1.2.11, 1.2.10, 1.2.9, 1.2.8, 1.2.7, 1.2.6, 1.2.5, 1.2.4, 1.2.3, 1.2.2, 1.2.1, 1.2.0, 1.1.11, 1.1.10, 1.1.9, 1.1.8, 1.1.7, 1.1.6, 1.1.5, 1.1.4, 1.1.3, 1.1.2, 1.1.1, 1.1.0, 1.1.0-beta, 1.0.2, 1.0.1, 1.0.0, 0.9.9, 0.9.9-8, 0.9.9-7, 0.9.9-6, 0.9.9-5, 0.9.9-4, 0.9.9-3, 0.9.9-2, 0.9.9-1, 0.9.8, 0.9.8-7, 0.9.8-6, 0.9.8-5, 0.9.8-4, 0.9.8-3, 0.9.8-2, 0.9.8-1, 0.9.7, 0.9.7-3-5, 0.9.7-3-4, 0.9.7-3-3, 0.9.7-3-2, 0.9.7-3-1, 0.9.7-2-5, 0.9.7-2-4, 0.9.7-2-3, 0.9.7-2-2, 0.9.7-2-1, 0.9.7-3, 0.9.7-2, 0.9.7-1.4, 0.9.7-1.3, 0.9.7-1.2, 0.9.7-1.1, 0.9.7-1, 0.9.7-0, 0.9.6-23, 0.9.6-22, 0.9.6-21, 0.9.6-20, 0.9.6-19, 0.9.6-18, 0.9.6-17, 0.9.6-16, 0.9.6-15, 0.9.6-14, 0.9.6-13, 0.9.6-12, 0.9.6-11, 0.9.6-10, 0.9.6-9, 0.9.6-8, 0.9.6-7, 0.9.4, 0.9.4-4, 0.9.3, 0.9.2, 0.9.1
35 error If you need help, you may report this error at:
35 error     <https://github.com/npm/npm/issues>
36 verbose exit [ 1, true ]
